<?xml version="1.0" encoding="utf-8"?><testsuites name="pytest tests"><testsuite name="pytest" errors="0" failures="1" skipped="0" tests="10" time="34.968" timestamp="2026-09-01T11:04:17.812196+00:00" hostname="agent-env-072780c1-8fce-4326-a9a8-46c0d2393bc4"><testcase classname="tests.test_persistence" name="test_html_title" time="0.298"><failure message="AssertionError: Title tag not found. Snippet: &lt;!doctype html&gt;&#10;  &lt;html lang=&quot;en&quot;&gt;&#10;      &lt;head&gt;&#10;          &lt;meta charset=&quot;utf-8&quot; /&gt;&#10;          &lt;meta name=&quot;viewport&quot; content=&quot;width=device-width, initial-scale=1&quot; /&gt;&#10;          &lt;meta name=&quot;theme-color&quot; content=&quot;#000000&quot; /&gt;&#10;          &lt;meta name=&quot;description&quot; content=&quot;A product of emergent.sh&quot; /&gt;&#10;          &lt;link rel=&quot;preconnect&quot; href=&quot;https://fonts.googleapis.com&quot; /&gt;&#10;          &lt;link rel=&quot;preconnect&quot; href=&quot;https://fonts.gstatic.com&quot; crossorigin /&gt;&#10;          &lt;link href=&quot;https://fonts.googleapis.com/css2?family=Inter:wgh&#10;assert '&lt;title&gt;Help, Querido Dante&lt;/title&gt;' in '&lt;!doctype html&gt;\n&lt;html lang=&quot;en&quot;&gt;\n    &lt;head&gt;\n        &lt;meta charset=&quot;utf-8&quot; /&gt;\n        &lt;meta name=&quot;viewport&quot; content=&quot;width=device-width, initial-scale=1&quot; /&gt;\n        &lt;meta name=&quot;theme-color&quot; content=&quot;#000000&quot; /&gt;\n        &lt;meta name=&quot;description&quot; content=&quot;A product of emergent.sh&quot; /&gt;\n        &lt;link rel=&quot;preconnect&quot; href=&quot;https://fonts.googleapis.com&quot; /&gt;\n        &lt;link rel=&quot;preconnect&quot; href=&quot;https://fonts.gstatic.com&quot; crossorigin /&gt;\n        &lt;link href=&quot;https://fonts.googleapis.com/css2?family=Inter:wght@600&amp;display=swap&quot; rel=&quot;stylesheet&quot; /&gt;\n        &lt;!--\n        manifest.json provides metadata used when your web app is installed on a\n        user\'s mobile device or desktop. See https://developers.google.com/web/fundamentals/web-app-manifest/\n        --&gt;\n        &lt;!--\n        Notice the use of  in the tags above.\n        It will be replaced with the URL of the `public` folder during the build.\n        Only files inside the `public` folder can be referenced from the HTML.\n\n        Unlike &quot;/favicon.ico&quot; or &quot;favicon.ico&quot;, &quot;/favicon.ico&quot; will\n        work correctly both with client-side routing and a non-root public URL.\n        Learn how to configure a non-root public U...sers as well,\n                session_recording: {\n                    recordCrossOriginIframes: true,\n                    capturePerformance: false,\n                },\n            });\n        &lt;/script&gt;\n    &lt;script&gt;(function(){function c(){var b=a.contentDocument||(a.contentWindow&amp;&amp;a.contentWindow.document);if(b){var d=b.createElement(\'script\');d.innerHTML=&quot;window.__CF$cv$params={r:\'a343cb19cf7e4b62\',t:\'MTc4ODI2MDY1OA==\'};var a=document.createElement(\'script\');a.src=\'/cdn-cgi/challenge-platform/scripts/jsd/main.js\';document.getElementsByTagName(\'head\')[0].appendChild(a);&quot;;b.getElementsByTagName(\'head\')[0].appendChild(d)}}if(document.body){var a=document.createElement(\'iframe\');a.height=1;a.width=1;a.style.position=\'absolute\';a.style.top=0;a.style.left=0;a.style.border=\'none\';a.style.visibility=\'hidden\';document.body.appendChild(a);if(\'loading\'!==document.readyState)c();else if(window.addEventListener)document.addEventListener(\'DOMContentLoaded\',c);else{var e=document.onreadystatechange||function(){};document.onreadystatechange=function(b){e(b);\'loading\'!==document.readyState&amp;&amp;(document.onreadystatechange=e,c())}}}})();&lt;/script&gt;&lt;/body&gt;\n&lt;/html&gt;\n'&#10; +  where '&lt;!doctype html&gt;\n&lt;html lang=&quot;en&quot;&gt;\n    &lt;head&gt;\n        &lt;meta charset=&quot;utf-8&quot; /&gt;\n        &lt;meta name=&quot;viewport&quot; content=&quot;width=device-width, initial-scale=1&quot; /&gt;\n        &lt;meta name=&quot;theme-color&quot; content=&quot;#000000&quot; /&gt;\n        &lt;meta name=&quot;description&quot; content=&quot;A product of emergent.sh&quot; /&gt;\n        &lt;link rel=&quot;preconnect&quot; href=&quot;https://fonts.googleapis.com&quot; /&gt;\n        &lt;link rel=&quot;preconnect&quot; href=&quot;https://fonts.gstatic.com&quot; crossorigin /&gt;\n        &lt;link href=&quot;https://fonts.googleapis.com/css2?family=Inter:wght@600&amp;display=swap&quot; rel=&quot;stylesheet&quot; /&gt;\n        &lt;!--\n        manifest.json provides metadata used when your web app is installed on a\n        user\'s mobile device or desktop. See https://developers.google.com/web/fundamentals/web-app-manifest/\n        --&gt;\n        &lt;!--\n        Notice the use of  in the tags above.\n        It will be replaced with the URL of the `public` folder during the build.\n        Only files inside the `public` folder can be referenced from the HTML.\n\n        Unlike &quot;/favicon.ico&quot; or &quot;favicon.ico&quot;, &quot;/favicon.ico&quot; will\n        work correctly both with client-side routing and a non-root public URL.\n        Learn how to configure a non-root public U...sers as well,\n                session_recording: {\n                    recordCrossOriginIframes: true,\n                    capturePerformance: false,\n                },\n            });\n        &lt;/script&gt;\n    &lt;script&gt;(function(){function c(){var b=a.contentDocument||(a.contentWindow&amp;&amp;a.contentWindow.document);if(b){var d=b.createElement(\'script\');d.innerHTML=&quot;window.__CF$cv$params={r:\'a343cb19cf7e4b62\',t:\'MTc4ODI2MDY1OA==\'};var a=document.createElement(\'script\');a.src=\'/cdn-cgi/challenge-platform/scripts/jsd/main.js\';document.getElementsByTagName(\'head\')[0].appendChild(a);&quot;;b.getElementsByTagName(\'head\')[0].appendChild(d)}}if(document.body){var a=document.createElement(\'iframe\');a.height=1;a.width=1;a.style.position=\'absolute\';a.style.top=0;a.style.left=0;a.style.border=\'none\';a.style.visibility=\'hidden\';document.body.appendChild(a);if(\'loading\'!==document.readyState)c();else if(window.addEventListener)document.addEventListener(\'DOMContentLoaded\',c);else{var e=document.onreadystatechange||function(){};document.onreadystatechange=function(b){e(b);\'loading\'!==document.readyState&amp;&amp;(document.onreadystatechange=e,c())}}}})();&lt;/script&gt;&lt;/body&gt;\n&lt;/html&gt;\n' = &lt;Response [200]&gt;.text">backend/tests/test_persistence.py:48: in test_html_title
    assert "&lt;title&gt;Help, Querido Dante&lt;/title&gt;" in r.text, f"Title tag not found. Snippet: {r.text[:500]}"
E   AssertionError: Title tag not found. Snippet: &lt;!doctype html&gt;
E     &lt;html lang="en"&gt;
E         &lt;head&gt;
E             &lt;meta charset="utf-8" /&gt;
E             &lt;meta name="viewport" content="width=device-width, initial-scale=1" /&gt;
E             &lt;meta name="theme-color" content="#000000" /&gt;
E             &lt;meta name="description" content="A product of emergent.sh" /&gt;
E             &lt;link rel="preconnect" href="https://fonts.googleapis.com" /&gt;
E             &lt;link rel="preconnect" href="https://fonts.gstatic.com" crossorigin /&gt;
E             &lt;link href="https://fonts.googleapis.com/css2?family=Inter:wgh
E   assert '&lt;title&gt;Help, Querido Dante&lt;/title&gt;' in '&lt;!doctype html&gt;\n&lt;html lang="en"&gt;\n    &lt;head&gt;\n        &lt;meta charset="utf-8" /&gt;\n        &lt;meta name="viewport" content="width=device-width, initial-scale=1" /&gt;\n        &lt;meta name="theme-color" content="#000000" /&gt;\n        &lt;meta name="description" content="A product of emergent.sh" /&gt;\n        &lt;link rel="preconnect" href="https://fonts.googleapis.com" /&gt;\n        &lt;link rel="preconnect" href="https://fonts.gstatic.com" crossorigin /&gt;\n        &lt;link href="https://fonts.googleapis.com/css2?family=Inter:wght@600&amp;display=swap" rel="stylesheet" /&gt;\n        &lt;!--\n        manifest.json provides metadata used when your web app is installed on a\n        user\'s mobile device or desktop. See https://developers.google.com/web/fundamentals/web-app-manifest/\n        --&gt;\n        &lt;!--\n        Notice the use of  in the tags above.\n        It will be replaced with the URL of the `public` folder during the build.\n        Only files inside the `public` folder can be referenced from the HTML.\n\n        Unlike "/favicon.ico" or "favicon.ico", "/favicon.ico" will\n        work correctly both with client-side routing and a non-root public URL.\n        Learn how to configure a non-root public U...sers as well,\n                session_recording: {\n                    recordCrossOriginIframes: true,\n                    capturePerformance: false,\n                },\n            });\n        &lt;/script&gt;\n    &lt;script&gt;(function(){function c(){var b=a.contentDocument||(a.contentWindow&amp;&amp;a.contentWindow.document);if(b){var d=b.createElement(\'script\');d.innerHTML="window.__CF$cv$params={r:\'a343cb19cf7e4b62\',t:\'MTc4ODI2MDY1OA==\'};var a=document.createElement(\'script\');a.src=\'/cdn-cgi/challenge-platform/scripts/jsd/main.js\';document.getElementsByTagName(\'head\')[0].appendChild(a);";b.getElementsByTagName(\'head\')[0].appendChild(d)}}if(document.body){var a=document.createElement(\'iframe\');a.height=1;a.width=1;a.style.position=\'absolute\';a.style.top=0;a.style.left=0;a.style.border=\'none\';a.style.visibility=\'hidden\';document.body.appendChild(a);if(\'loading\'!==document.readyState)c();else if(window.addEventListener)document.addEventListener(\'DOMContentLoaded\',c);else{var e=document.onreadystatechange||function(){};document.onreadystatechange=function(b){e(b);\'loading\'!==document.readyState&amp;&amp;(document.onreadystatechange=e,c())}}}})();&lt;/script&gt;&lt;/body&gt;\n&lt;/html&gt;\n'
E    +  where '&lt;!doctype html&gt;\n&lt;html lang="en"&gt;\n    &lt;head&gt;\n        &lt;meta charset="utf-8" /&gt;\n        &lt;meta name="viewport" content="width=device-width, initial-scale=1" /&gt;\n        &lt;meta name="theme-color" content="#000000" /&gt;\n        &lt;meta name="description" content="A product of emergent.sh" /&gt;\n        &lt;link rel="preconnect" href="https://fonts.googleapis.com" /&gt;\n        &lt;link rel="preconnect" href="https://fonts.gstatic.com" crossorigin /&gt;\n        &lt;link href="https://fonts.googleapis.com/css2?family=Inter:wght@600&amp;display=swap" rel="stylesheet" /&gt;\n        &lt;!--\n        manifest.json provides metadata used when your web app is installed on a\n        user\'s mobile device or desktop. See https://developers.google.com/web/fundamentals/web-app-manifest/\n        --&gt;\n        &lt;!--\n        Notice the use of  in the tags above.\n        It will be replaced with the URL of the `public` folder during the build.\n        Only files inside the `public` folder can be referenced from the HTML.\n\n        Unlike "/favicon.ico" or "favicon.ico", "/favicon.ico" will\n        work correctly both with client-side routing and a non-root public URL.\n        Learn how to configure a non-root public U...sers as well,\n                session_recording: {\n                    recordCrossOriginIframes: true,\n                    capturePerformance: false,\n                },\n            });\n        &lt;/script&gt;\n    &lt;script&gt;(function(){function c(){var b=a.contentDocument||(a.contentWindow&amp;&amp;a.contentWindow.document);if(b){var d=b.createElement(\'script\');d.innerHTML="window.__CF$cv$params={r:\'a343cb19cf7e4b62\',t:\'MTc4ODI2MDY1OA==\'};var a=document.createElement(\'script\');a.src=\'/cdn-cgi/challenge-platform/scripts/jsd/main.js\';document.getElementsByTagName(\'head\')[0].appendChild(a);";b.getElementsByTagName(\'head\')[0].appendChild(d)}}if(document.body){var a=document.createElement(\'iframe\');a.height=1;a.width=1;a.style.position=\'absolute\';a.style.top=0;a.style.left=0;a.style.border=\'none\';a.style.visibility=\'hidden\';document.body.appendChild(a);if(\'loading\'!==document.readyState)c();else if(window.addEventListener)document.addEventListener(\'DOMContentLoaded\',c);else{var e=document.onreadystatechange||function(){};document.onreadystatechange=function(b){e(b);\'loading\'!==document.readyState&amp;&amp;(document.onreadystatechange=e,c())}}}})();&lt;/script&gt;&lt;/body&gt;\n&lt;/html&gt;\n' = &lt;Response [200]&gt;.text</failure></testcase><testcase classname="tests.test_persistence" name="test_portal_config_persistence" time="4.794" /><testcase classname="tests.test_persistence" name="test_playlists_persistence" time="4.071" /><testcase classname="tests.test_persistence" name="test_videos_persistence" time="3.786" /><testcase classname="tests.test_persistence" name="test_action_cards_persistence" time="3.364" /><testcase classname="tests.test_persistence" name="test_emergency_channels_persistence" time="3.430" /><testcase classname="tests.test_persistence" name="test_psychologists_persistence" time="3.497" /><testcase classname="tests.test_persistence" name="test_laws_persistence" time="3.575" /><testcase classname="tests.test_persistence" name="test_dante_config_persistence" time="3.307" /><testcase classname="tests.test_persistence" name="test_seed_no_duplicate_on_restart" time="4.465" /></testsuite></testsuites>